<?xml version="1.0" encoding="UTF-8"?>
<!-- Generated by org.testng.reporters.JUnitReportReporter -->
<testsuite hostname="Partha_PC" failures="0" tests="1" name="testCases.TC002_LoginTest" time="1.226" errors="0" timestamp="2025-01-11T12:51:58 IST" skipped="0">
  <testcase classname="testCases.TC002_LoginTest" name="verify_Login" time="1.226"/>
</testsuite> <!-- testCases.TC002_LoginTest -->
