<?xml version="1.0" encoding="UTF-8"?>
<!-- Generated by org.testng.reporters.JUnitReportReporter -->
<testsuite hostname="Partha_PC" failures="0" tests="1" name="testCases.TC001_AccountRegistrationTest" time="1.770" errors="0" timestamp="2025-01-11T12:51:58 IST" skipped="0">
  <testcase classname="testCases.TC001_AccountRegistrationTest" name="verify_account_registration" time="1.770"/>
</testsuite> <!-- testCases.TC001_AccountRegistrationTest -->
